<?xml version="1.0" encoding="UTF-8"?>
<testng-results skipped="0" failed="0" ignored="0" total="1" passed="1">
  <reporter-output>
  </reporter-output>
  <suite name="Surefire suite" duration-ms="838" started-at="2021-07-17T23:32:56 IST" finished-at="2021-07-17T23:32:57 IST">
    <groups>
    </groups>
    <test name="Surefire test" duration-ms="838" started-at="2021-07-17T23:32:56 IST" finished-at="2021-07-17T23:32:57 IST">
      <class name="Automation.Cucumber.AppTest">
        <test-method status="PASS" signature="testApp()" name="testApp" duration-ms="5" started-at="2021-07-17T23:32:56 IST" finished-at="2021-07-17T23:32:56 IST">
          <reporter-output>
          </reporter-output>
        </test-method> <!-- testApp -->
      </class> <!-- Automation.Cucumber.AppTest -->
    </test> <!-- Surefire test -->
  </suite> <!-- Surefire suite -->
</testng-results>
